Using hyperparameters as: Namespace(sen_len=30, fixed_embedding=True, embedding_dim=300, batch_size=128, num_workers=16, n_epochs=40, lr=0.0005, weight_decay=0.0001, dropout=0.5, device=5, early_stop_TH=6, model='CNN')
Loading training data ...
Get embedding ...
loading word2vec model ...

total words: 3503
Using TextCNN Model
start training, parameter total:4263601, trainable:4263601

Epoch1: 48/48 
Train | Loss:0.77740 Acc: 56.413
Valid | Loss:0.63441 Acc: 68.880 
-----------------------------------------------

Epoch2: 48/48 
Train | Loss:0.65108 Acc: 61.556
Valid | Loss:0.62016 Acc: 67.904 
-----------------------------------------------

Epoch3: 48/48 
Train | Loss:0.62816 Acc: 65.007
Valid | Loss:0.63273 Acc: 62.109 
-----------------------------------------------

Epoch4: 48/48 
Train | Loss:0.61992 Acc: 65.153
Valid | Loss:0.60059 Acc: 71.680 
-----------------------------------------------

Epoch5: 48/48 
Train | Loss:0.60754 Acc: 66.569
Valid | Loss:0.60466 Acc: 68.424 
-----------------------------------------------

Epoch6: 48/48 
Train | Loss:0.59997 Acc: 67.529
Valid | Loss:0.59847 Acc: 68.685 
-----------------------------------------------

Epoch7: 48/48 
Train | Loss:0.58615 Acc: 69.010
Valid | Loss:0.57376 Acc: 72.461 
-----------------------------------------------

Epoch8: 48/48 
Train | Loss:0.56792 Acc: 69.840
Valid | Loss:0.56925 Acc: 73.438 
-----------------------------------------------

Epoch9: 48/48 
Train | Loss:0.57152 Acc: 69.824
Valid | Loss:0.58349 Acc: 69.010 
-----------------------------------------------

Epoch10: 48/48 
Train | Loss:0.56439 Acc: 70.915
Valid | Loss:0.55711 Acc: 72.201 
-----------------------------------------------

Epoch11: 48/48 
Train | Loss:0.54575 Acc: 72.054
Valid | Loss:0.58088 Acc: 67.448 
-----------------------------------------------

Epoch12: 48/48 
Train | Loss:0.56988 Acc: 70.020
Valid | Loss:0.57089 Acc: 69.792 
-----------------------------------------------

Epoch13: 48/48 
Train | Loss:0.53999 Acc: 72.624
Valid | Loss:0.53942 Acc: 74.479 
-----------------------------------------------

Epoch14: 48/48 
Train | Loss:0.52943 Acc: 73.096
Valid | Loss:0.53917 Acc: 73.438 
-----------------------------------------------

Epoch15: 48/48 
Train | Loss:0.52514 Acc: 74.007
Valid | Loss:0.53278 Acc: 75.651 
-----------------------------------------------

Epoch16: 48/48 
Train | Loss:0.51145 Acc: 74.235
Valid | Loss:0.52665 Acc: 74.870 
-----------------------------------------------

Epoch17: 48/48 
Train | Loss:0.51331 Acc: 74.072
Valid | Loss:0.65014 Acc: 57.487 
-----------------------------------------------

Epoch18: 48/48 
Train | Loss:0.51059 Acc: 74.382
Valid | Loss:0.52408 Acc: 75.781 
-----------------------------------------------

Epoch19: 48/48 
Train | Loss:0.48838 Acc: 76.351
Valid | Loss:0.51359 Acc: 76.693 
-----------------------------------------------

Epoch20: 48/48 
Train | Loss:0.48458 Acc: 76.432
Valid | Loss:0.50840 Acc: 76.237 
-----------------------------------------------

Epoch21: 48/48 
Train | Loss:0.48814 Acc: 76.139
Valid | Loss:0.51028 Acc: 76.042 
-----------------------------------------------

Epoch22: 48/48 
Train | Loss:0.48006 Acc: 76.497
Valid | Loss:0.52356 Acc: 74.935 
-----------------------------------------------

Epoch23: 48/48 
Train | Loss:0.47808 Acc: 76.481
Valid | Loss:0.53078 Acc: 72.852 
-----------------------------------------------

Epoch24: 48/48 
Train | Loss:0.46047 Acc: 77.441
Valid | Loss:0.49966 Acc: 76.758 
-----------------------------------------------

Epoch25: 48/48 
Train | Loss:0.45775 Acc: 78.255
Valid | Loss:0.55326 Acc: 68.685 
-----------------------------------------------

Epoch26: 48/48 
Train | Loss:0.45855 Acc: 77.995
Valid | Loss:0.52781 Acc: 75.391 
-----------------------------------------------

Epoch27: 48/48 
Train | Loss:0.45257 Acc: 78.174
Valid | Loss:0.49536 Acc: 76.823 
-----------------------------------------------

Epoch28: 48/48 
Train | Loss:0.43181 Acc: 80.192
Valid | Loss:0.49319 Acc: 77.799 
-----------------------------------------------

Epoch29: 48/48 
Train | Loss:0.43895 Acc: 79.069
Valid | Loss:0.49090 Acc: 77.799 
-----------------------------------------------

Epoch30: 48/48 
Train | Loss:0.42382 Acc: 80.176
Valid | Loss:0.49237 Acc: 77.344 
-----------------------------------------------

Epoch31: 48/48 
Train | Loss:0.41794 Acc: 80.290
Valid | Loss:0.49815 Acc: 77.148 
-----------------------------------------------

Epoch32: 48/48 
Train | Loss:0.41428 Acc: 80.501
Valid | Loss:0.50941 Acc: 76.823 
-----------------------------------------------

Epoch33: 48/48 
Train | Loss:0.42137 Acc: 80.094
Valid | Loss:0.50822 Acc: 75.195 
-----------------------------------------------

Epoch34: 48/48 
Train | Loss:0.40812 Acc: 80.876
Valid | Loss:0.48777 Acc: 77.474 
EARLY STOP SATISFIES, STOP TRAINING
Training process finished!
